<?xml version="1.0" encoding="UTF-8"?>
<testsuite xmlns:xsi="http://www.w3.org/2001/XMLSchema-instance" xsi:noNamespaceSchemaLocation="https://maven.apache.org/surefire/maven-surefire-plugin/xsd/surefire-test-report-3.0.xsd" version="3.0" name="ServiceAApplicationTests" time="1.244" tests="1" errors="0" skipped="0" failures="0">
  <properties>
[...]
</properties>
  <testcase name="contextLoads" classname="ServiceAApplicationTests" time="0.057">
    <system-out><![CDATA[22:44:41.965 [main] DEBUG org.springframework.test.context.BootstrapUtils - Instantiating CacheAwareContextLoaderDelegate from class [org.springframework.test.context.cache.DefaultCacheAwareContextLoaderDelegate]
22:44:41.969 [main] DEBUG org.springframework.test.context.BootstrapUtils - Instantiating BootstrapContext using constructor [public org.springframework.test.context.support.DefaultBootstrapContext(java.lang.Class,org.springframework.test.context.CacheAwareContextLoaderDelegate)]
22:44:41.980 [main] DEBUG org.springframework.test.context.BootstrapUtils - Instantiating TestContextBootstrapper for test class [ServiceAApplicationTests] from class [org.springframework.boot.test.context.SpringBootTestContextBootstrapper]
22:44:41.984 [main] INFO org.springframework.boot.test.context.SpringBootTestContextBootstrapper - Neither @ContextConfiguration nor @ContextHierarchy found for test class [ServiceAApplicationTests], using SpringBootContextLoader
22:44:41.985 [main] DEBUG org.springframework.test.context.support.AbstractContextLoader - Did not detect default resource location for test class [ServiceAApplicationTests]: class path resource [ServiceAApplicationTests-context.xml] does not exist
22:44:41.985 [main] DEBUG org.springframework.test.context.support.AbstractContextLoader - Did not detect default resource location for test class [ServiceAApplicationTests]: class path resource [ServiceAApplicationTestsContext.groovy] does not exist
22:44:41.985 [main] INFO org.springframework.test.context.support.AbstractContextLoader - Could not detect default resource locations for test class [ServiceAApplicationTests]: no resource found for suffixes {-context.xml, Context.groovy}.
22:44:41.999 [main] DEBUG org.springframework.test.context.support.ActiveProfilesUtils - Could not find an 'annotation declaring class' for annotation type [org.springframework.test.context.ActiveProfiles] and class [ServiceAApplicationTests]
22:44:42.036 [main] DEBUG org.springframework.boot.test.context.SpringBootTestContextBootstrapper - @TestExecutionListeners is not present for class [ServiceAApplicationTests]: using defaults.
22:44:42.037 [main] INFO org.springframework.boot.test.context.SpringBootTestContextBootstrapper - Loaded default TestExecutionListener class names from location [META-INF/spring.factories]: [org.springframework.boot.test.mock.mockito.MockitoTestExecutionListener, org.springframework.boot.test.mock.mockito.ResetMocksTestExecutionListener, org.springframework.boot.test.autoconfigure.restdocs.RestDocsTestExecutionListener, org.springframework.boot.test.autoconfigure.web.client.MockRestServiceServerResetTestExecutionListener, org.springframework.boot.test.autoconfigure.web.servlet.MockMvcPrintOnlyOnFailureTestExecutionListener, org.springframework.boot.test.autoconfigure.web.servlet.WebDriverTestExecutionListener, org.springframework.boot.test.autoconfigure.webservices.client.MockWebServiceServerTestExecutionListener, org.springframework.test.context.web.ServletTestExecutionListener, org.springframework.test.context.support.DirtiesContextBeforeModesTestExecutionListener, org.springframework.test.context.event.ApplicationEventsTestExecutionListener, org.springframework.test.context.support.DependencyInjectionTestExecutionListener, org.springframework.test.context.support.DirtiesContextTestExecutionListener, org.springframework.test.context.transaction.TransactionalTestExecutionListener, org.springframework.test.context.jdbc.SqlScriptsTestExecutionListener, org.springframework.test.context.event.EventPublishingTestExecutionListener]
22:44:42.042 [main] INFO org.springframework.boot.test.context.SpringBootTestContextBootstrapper - Using TestExecutionListeners: [org.springframework.test.context.web.ServletTestExecutionListener@11d8ae8b, org.springframework.test.context.support.DirtiesContextBeforeModesTestExecutionListener@479cbee5, org.springframework.test.context.event.ApplicationEventsTestExecutionListener@59e2d8e3, org.springframework.boot.test.mock.mockito.MockitoTestExecutionListener@2b72cb8a, org.springframework.boot.test.autoconfigure.SpringBootDependencyInjectionTestExecutionListener@7f8a9499, org.springframework.test.context.support.DirtiesContextTestExecutionListener@5d43661b, org.springframework.test.context.transaction.TransactionalTestExecutionListener@12299890, org.springframework.test.context.jdbc.SqlScriptsTestExecutionListener@2fba3fc4, org.springframework.test.context.event.EventPublishingTestExecutionListener@4bf48f6, org.springframework.boot.test.mock.mockito.ResetMocksTestExecutionListener@420a85c4, org.springframework.boot.test.autoconfigure.restdocs.RestDocsTestExecutionListener@1c39680d, org.springframework.boot.test.autoconfigure.web.client.MockRestServiceServerResetTestExecutionListener@62833051, org.springframework.boot.test.autoconfigure.web.servlet.MockMvcPrintOnlyOnFailureTestExecutionListener@1c852c0f, org.springframework.boot.test.autoconfigure.web.servlet.WebDriverTestExecutionListener@a37aefe, org.springframework.boot.test.autoconfigure.webservices.client.MockWebServiceServerTestExecutionListener@5d99c6b5]
22:44:42.044 [main] DEBUG org.springframework.test.context.support.AbstractDirtiesContextTestExecutionListener - Before test class: context [DefaultTestContext@4a3631f8 testClass = ServiceAApplicationTests, testInstance = [null], testMethod = [null], testException = [null], mergedContextConfiguration = [WebMergedContextConfiguration@6b58b9e9 testClass = ServiceAApplicationTests, locations = '{}', classes = '{class com.example.servicea.ClientOnboardingApplication}', contextInitializerClasses = '[]', activeProfiles = '{}', propertySourceLocations = '{}', propertySourceProperties = '{org.springframework.boot.test.context.SpringBootTestContextBootstrapper=true}', contextCustomizers = set[org.springframework.boot.test.context.filter.ExcludeFilterContextCustomizer@e1de817, org.springframework.boot.test.json.DuplicateJsonObjectContextCustomizerFactory$DuplicateJsonObjectContextCustomizer@2177849e, org.springframework.boot.test.mock.mockito.MockitoContextCustomizer@0, org.springframework.boot.test.web.client.TestRestTemplateContextCustomizer@7690781, org.springframework.boot.test.autoconfigure.actuate.metrics.MetricsExportContextCustomizerFactory$DisableMetricExportContextCustomizer@3a6bb9bf, org.springframework.boot.test.autoconfigure.properties.PropertyMappingContextCustomizer@0, org.springframework.boot.test.autoconfigure.web.servlet.WebDriverContextCustomizerFactory$Customizer@272ed83b, org.springframework.boot.test.context.SpringBootTestArgs@1, org.springframework.boot.test.context.SpringBootTestWebEnvironment@fad74ee], resourceBasePath = 'src/main/webapp', contextLoader = 'org.springframework.boot.test.context.SpringBootContextLoader', parent = [null]], attributes = map['org.springframework.test.context.web.ServletTestExecutionListener.activateListener' -> true]], class annotated with @DirtiesContext [false] with mode [null].
22:44:42.057 [main] DEBUG org.springframework.test.context.support.TestPropertySourceUtils - Adding inlined properties to environment: {spring.jmx.enabled=false, org.springframework.boot.test.context.SpringBootTestContextBootstrapper=true}

  .   ____          _            __ _ _
 /\\ / ___'_ __ _ _(_)_ __  __ _ \ \ \ \
( ( )\___ | '_ | '_| | '_ \/ _` | \ \ \ \
 \\/  ___)| |_)| | | | | || (_| |  ) ) ) )
  '  |____| .__|_| |_|_| |_\__, | / / / /
 =========|_|==============|___/=/_/_/_/
&amp#27;[32m :: Spring Boot :: &amp#27;[39m              &amp#27;[2m (v2.5.4)&amp#27;[0;39m

&amp#27;[2m2025-10-16 22:44:42.193&amp#27;[0;39m &amp#27;[32m INFO&amp#27;[0;39m &amp#27;[35m10306&amp#27;[0;39m &amp#27;[2m---&amp#27;[0;39m &amp#27;[2m[           main]&amp#27;[0;39m &amp#27;[36mServiceAApplicationTests                &amp#27;[0;39m &amp#27;[2m:&amp#27;[0;39m Starting ServiceAApplicationTests using Java 24.0.1 on himanvis-MBP.lan with PID 10306 (started by himanvivanamala in /Users/himanvivanamala/my-python-project/MySpringBoot/spring-boot-microservices/client-onboarding-service)
&amp#27;[2m2025-10-16 22:44:42.194&amp#27;[0;39m &amp#27;[32m INFO&amp#27;[0;39m &amp#27;[35m10306&amp#27;[0;39m &amp#27;[2m---&amp#27;[0;39m &amp#27;[2m[           main]&amp#27;[0;39m &amp#27;[36mServiceAApplicationTests                &amp#27;[0;39m &amp#27;[2m:&amp#27;[0;39m No active profile set, falling back to default profiles: default
&amp#27;[2m2025-10-16 22:44:42.423&amp#27;[0;39m &amp#27;[32m INFO&amp#27;[0;39m &amp#27;[35m10306&amp#27;[0;39m &amp#27;[2m---&amp#27;[0;39m &amp#27;[2m[           main]&amp#27;[0;39m &amp#27;[36m.s.d.r.c.RepositoryConfigurationDelegate&amp#27;[0;39m &amp#27;[2m:&amp#27;[0;39m Bootstrapping Spring Data JPA repositories in DEFAULT mode.
&amp#27;[2m2025-10-16 22:44:42.428&amp#27;[0;39m &amp#27;[32m INFO&amp#27;[0;39m &amp#27;[35m10306&amp#27;[0;39m &amp#27;[2m---&amp#27;[0;39m &amp#27;[2m[           main]&amp#27;[0;39m &amp#27;[36m.s.d.r.c.RepositoryConfigurationDelegate&amp#27;[0;39m &amp#27;[2m:&amp#27;[0;39m Finished Spring Data repository scanning in 2 ms. Found 0 JPA repository interfaces.
&amp#27;[2m2025-10-16 22:44:42.604&amp#27;[0;39m &amp#27;[32m INFO&amp#27;[0;39m &amp#27;[35m10306&amp#27;[0;39m &amp#27;[2m---&amp#27;[0;39m &amp#27;[2m[           main]&amp#27;[0;39m &amp#27;[36mo.hibernate.jpa.internal.util.LogHelper &amp#27;[0;39m &amp#27;[2m:&amp#27;[0;39m HHH000204: Processing PersistenceUnitInfo [name: default]
&amp#27;[2m2025-10-16 22:44:42.626&amp#27;[0;39m &amp#27;[32m INFO&amp#27;[0;39m &amp#27;[35m10306&amp#27;[0;39m &amp#27;[2m---&amp#27;[0;39m &amp#27;[2m[           main]&amp#27;[0;39m &amp#27;[36morg.hibernate.Version                   &amp#27;[0;39m &amp#27;[2m:&amp#27;[0;39m HHH000412: Hibernate ORM core version 5.4.32.Final
&amp#27;[2m2025-10-16 22:44:42.661&amp#27;[0;39m &amp#27;[32m INFO&amp#27;[0;39m &amp#27;[35m10306&amp#27;[0;39m &amp#27;[2m---&amp#27;[0;39m &amp#27;[2m[           main]&amp#27;[0;39m &amp#27;[36mo.hibernate.annotations.common.Version  &amp#27;[0;39m &amp#27;[2m:&amp#27;[0;39m HCANN000001: Hibernate Commons Annotations {5.1.2.Final}
&amp#27;[2m2025-10-16 22:44:42.709&amp#27;[0;39m &amp#27;[32m INFO&amp#27;[0;39m &amp#27;[35m10306&amp#27;[0;39m &amp#27;[2m---&amp#27;[0;39m &amp#27;[2m[           main]&amp#27;[0;39m &amp#27;[36mcom.zaxxer.hikari.HikariDataSource      &amp#27;[0;39m &amp#27;[2m:&amp#27;[0;39m HikariPool-1 - Starting...
&amp#27;[2m2025-10-16 22:44:42.772&amp#27;[0;39m &amp#27;[32m INFO&amp#27;[0;39m &amp#27;[35m10306&amp#27;[0;39m &amp#27;[2m---&amp#27;[0;39m &amp#27;[2m[           main]&amp#27;[0;39m &amp#27;[36mcom.zaxxer.hikari.HikariDataSource      &amp#27;[0;39m &amp#27;[2m:&amp#27;[0;39m HikariPool-1 - Start completed.
&amp#27;[2m2025-10-16 22:44:42.789&amp#27;[0;39m &amp#27;[32m INFO&amp#27;[0;39m &amp#27;[35m10306&amp#27;[0;39m &amp#27;[2m---&amp#27;[0;39m &amp#27;[2m[           main]&amp#27;[0;39m &amp#27;[36morg.hibernate.dialect.Dialect           &amp#27;[0;39m &amp#27;[2m:&amp#27;[0;39m HHH000400: Using dialect: org.hibernate.dialect.H2Dialect
&amp#27;[2m2025-10-16 22:44:42.876&amp#27;[0;39m &amp#27;[32m INFO&amp#27;[0;39m &amp#27;[35m10306&amp#27;[0;39m &amp#27;[2m---&amp#27;[0;39m &amp#27;[2m[           main]&amp#27;[0;39m &amp#27;[36mo.h.e.t.j.p.i.JtaPlatformInitiator      &amp#27;[0;39m &amp#27;[2m:&amp#27;[0;39m HHH000490: Using JtaPlatform implementation: [org.hibernate.engine.transaction.jta.platform.internal.NoJtaPlatform]
&amp#27;[2m2025-10-16 22:44:42.879&amp#27;[0;39m &amp#27;[32m INFO&amp#27;[0;39m &amp#27;[35m10306&amp#27;[0;39m &amp#27;[2m---&amp#27;[0;39m &amp#27;[2m[           main]&amp#27;[0;39m &amp#27;[36mj.LocalContainerEntityManagerFactoryBean&amp#27;[0;39m &amp#27;[2m:&amp#27;[0;39m Initialized JPA EntityManagerFactory for persistence unit 'default'
&amp#27;[2m2025-10-16 22:44:42.958&amp#27;[0;39m &amp#27;[33m WARN&amp#27;[0;39m &amp#27;[35m10306&amp#27;[0;39m &amp#27;[2m---&amp#27;[0;39m &amp#27;[2m[           main]&amp#27;[0;39m &amp#27;[36mJpaBaseConfiguration$JpaWebConfiguration&amp#27;[0;39m &amp#27;[2m:&amp#27;[0;39m spring.jpa.open-in-view is enabled by default. Therefore, database queries may be performed during view rendering. Explicitly configure spring.jpa.open-in-view to disable this warning
&amp#27;[2m2025-10-16 22:44:43.116&amp#27;[0;39m &amp#27;[32m INFO&amp#27;[0;39m &amp#27;[35m10306&amp#27;[0;39m &amp#27;[2m---&amp#27;[0;39m &amp#27;[2m[           main]&amp#27;[0;39m &amp#27;[36mServiceAApplicationTests                &amp#27;[0;39m &amp#27;[2m:&amp#27;[0;39m Started ServiceAApplicationTests in 1.057 seconds (JVM running for 1.357)
]]></system-out>
  </testcase>
</testsuite>